2023-01-31 21:08:49 INFO  TimeLogger - (Quadratic) Raw time per run (mSec):  1.84
2023-01-31 21:08:49 INFO  TimeLogger - (Quadratic) Normalized time per run (n^2):  29.44
2023-01-31 21:08:49 INFO  TimeLogger - (Quadratic with Calipers) Raw time per run (mSec):  1.09
2023-01-31 21:08:49 INFO  TimeLogger - (Quadratic with Calipers) Normalized time per run (n^2):  17.44
2023-01-31 21:08:50 INFO  TimeLogger - (Quadrithmic) Raw time per run (mSec):  1.08
2023-01-31 21:08:50 INFO  TimeLogger - (Quadrithmic) Normalized time per run (n^2 log n):  2.17
2023-01-31 21:08:50 INFO  TimeLogger - (Cubic) Raw time per run (mSec):  5.97
2023-01-31 21:08:50 INFO  TimeLogger - (Cubic) Normalized time per run (n^3):  .38
2023-01-31 21:08:50 INFO  TimeLogger - (Quadratic) Raw time per run (mSec):  3.14
2023-01-31 21:08:50 INFO  TimeLogger - (Quadratic) Normalized time per run (n^2):  12.56
2023-01-31 21:08:50 INFO  TimeLogger - (Quadratic with Calipers) Raw time per run (mSec):  1.14
2023-01-31 21:08:50 INFO  TimeLogger - (Quadratic with Calipers) Normalized time per run (n^2):  4.56
2023-01-31 21:08:51 INFO  TimeLogger - (Quadrithmic) Raw time per run (mSec):  2.88
2023-01-31 21:08:51 INFO  TimeLogger - (Quadrithmic) Normalized time per run (n^2 log n):  1.28
2023-01-31 21:08:53 INFO  TimeLogger - (Cubic) Raw time per run (mSec):  40.68
2023-01-31 21:08:53 INFO  TimeLogger - (Cubic) Normalized time per run (n^3):  .33
2023-01-31 21:08:53 INFO  TimeLogger - (Quadratic) Raw time per run (mSec):  6.80
2023-01-31 21:08:53 INFO  TimeLogger - (Quadratic) Normalized time per run (n^2):  6.80
2023-01-31 21:08:53 INFO  TimeLogger - (Quadratic with Calipers) Raw time per run (mSec):  4.25
2023-01-31 21:08:53 INFO  TimeLogger - (Quadratic with Calipers) Normalized time per run (n^2):  4.25
2023-01-31 21:08:53 INFO  TimeLogger - (Quadrithmic) Raw time per run (mSec):  14.25
2023-01-31 21:08:53 INFO  TimeLogger - (Quadrithmic) Normalized time per run (n^2 log n):  1.43
2023-01-31 21:08:59 INFO  TimeLogger - (Cubic) Raw time per run (mSec):  317.90
2023-01-31 21:08:59 INFO  TimeLogger - (Cubic) Normalized time per run (n^3):  .32
2023-01-31 21:09:00 INFO  TimeLogger - (Quadratic) Raw time per run (mSec):  28.20
2023-01-31 21:09:00 INFO  TimeLogger - (Quadratic) Normalized time per run (n^2):  7.05
2023-01-31 21:09:00 INFO  TimeLogger - (Quadratic with Calipers) Raw time per run (mSec):  19.00
2023-01-31 21:09:00 INFO  TimeLogger - (Quadratic with Calipers) Normalized time per run (n^2):  4.75
2023-01-31 21:09:01 INFO  TimeLogger - (Quadrithmic) Raw time per run (mSec):  71.40
2023-01-31 21:09:01 INFO  TimeLogger - (Quadrithmic) Normalized time per run (n^2 log n):  1.63
2023-01-31 21:09:26 INFO  TimeLogger - (Cubic) Raw time per run (mSec):  2518.70
2023-01-31 21:09:26 INFO  TimeLogger - (Cubic) Normalized time per run (n^3):  .31
2023-01-31 21:09:27 INFO  TimeLogger - (Quadratic) Raw time per run (mSec):  149.20
2023-01-31 21:09:27 INFO  TimeLogger - (Quadratic) Normalized time per run (n^2):  9.32
2023-01-31 21:09:27 INFO  TimeLogger - (Quadratic with Calipers) Raw time per run (mSec):  91.80
2023-01-31 21:09:27 INFO  TimeLogger - (Quadratic with Calipers) Normalized time per run (n^2):  5.74
2023-01-31 21:09:29 INFO  TimeLogger - (Quadrithmic) Raw time per run (mSec):  332.60
2023-01-31 21:09:29 INFO  TimeLogger - (Quadrithmic) Normalized time per run (n^2 log n):  1.74
2023-01-31 21:11:09 INFO  TimeLogger - (Cubic) Raw time per run (mSec):  20007.60
2023-01-31 21:11:09 INFO  TimeLogger - (Cubic) Normalized time per run (n^3):  .31
2023-01-31 21:11:11 INFO  TimeLogger - (Quadratic) Raw time per run (mSec):  686.67
2023-01-31 21:11:11 INFO  TimeLogger - (Quadratic) Normalized time per run (n^2):  10.73
2023-01-31 21:11:12 INFO  TimeLogger - (Quadratic with Calipers) Raw time per run (mSec):  527.67
2023-01-31 21:11:12 INFO  TimeLogger - (Quadratic with Calipers) Normalized time per run (n^2):  8.24
2023-01-31 21:11:17 INFO  TimeLogger - (Quadrithmic) Raw time per run (mSec):  1466.33
2023-01-31 21:11:17 INFO  TimeLogger - (Quadrithmic) Normalized time per run (n^2 log n):  1.77
2023-01-31 21:19:22 INFO  TimeLogger - (Cubic) Raw time per run (mSec):  161619.00
2023-01-31 21:19:22 INFO  TimeLogger - (Cubic) Normalized time per run (n^3):  .32
2023-01-31 21:19:27 INFO  TimeLogger - (Quadratic) Raw time per run (mSec):  2676.50
2023-01-31 21:19:27 INFO  TimeLogger - (Quadratic) Normalized time per run (n^2):  10.46
2023-01-31 21:19:32 INFO  TimeLogger - (Quadratic with Calipers) Raw time per run (mSec):  2263.50
2023-01-31 21:19:32 INFO  TimeLogger - (Quadratic with Calipers) Normalized time per run (n^2):  8.84
2023-01-31 21:19:45 INFO  TimeLogger - (Quadrithmic) Raw time per run (mSec):  6888.00
2023-01-31 21:19:45 INFO  TimeLogger - (Quadrithmic) Normalized time per run (n^2 log n):  1.93
2023-01-31 22:02:37 INFO  TimeLogger - (Cubic) Raw time per run (mSec):  1285873.00
2023-01-31 22:02:37 INFO  TimeLogger - (Cubic) Normalized time per run (n^3):  .31
2023-02-04 17:39:31 INFO  Benchmark_Timer - Begin run: testWaitPeriods with 2 runs
2023-02-04 19:52:24 INFO  Benchmark_Timer - Begin run: testWaitPeriods with 2 runs
2023-02-04 19:53:17 INFO  Benchmark_Timer - Begin run: testWaitPeriods with 2 runs
2023-03-12 22:52:06 INFO  Benchmark_Timer - Begin run: Sorts array of 10000 elements with 1 runs
2023-03-12 22:52:08 INFO  Benchmark_Timer - Begin run: Sorts array of 10000 elements with 1 runs
2023-03-12 22:52:10 INFO  Benchmark_Timer - Begin run: Sorts array of 10000 elements with 1 runs
2023-03-12 22:52:19 INFO  Benchmark_Timer - Begin run: Sorts array of 10000 elements with 1 runs
2023-03-12 22:52:50 INFO  Benchmark_Timer - Begin run: Sorts array of 10000 elements with 1 runs
2023-03-12 22:58:45 INFO  Benchmark_Timer - Begin run: Sort array of 10000 elements with 1 runs
2023-03-12 22:58:47 INFO  Benchmark_Timer - Begin run: Sort array of 10000 elements with 1 runs
2023-03-12 22:58:48 INFO  Benchmark_Timer - Begin run: Sort array of 10000 elements with 1 runs
2023-03-12 22:58:49 INFO  Benchmark_Timer - Begin run: Sort array of 10000 elements with 1 runs
2023-03-12 22:58:51 INFO  Benchmark_Timer - Begin run: Sort array of 10000 elements with 1 runs
2023-03-12 23:03:12 INFO  Benchmark_Timer - Begin run: Sort array of 10000 elements with 1 runs
2023-03-12 23:03:13 INFO  Benchmark_Timer - Begin run: Sort array of 10000 elements with 1 runs
2023-03-12 23:03:14 INFO  Benchmark_Timer - Begin run: Sort array of 10000 elements with 1 runs
2023-03-12 23:03:15 INFO  Benchmark_Timer - Begin run: Sort array of 10000 elements with 1 runs
2023-03-12 23:03:16 INFO  Benchmark_Timer - Begin run: Sort array of 10000 elements with 1 runs
2023-03-12 23:16:28 INFO  Benchmark_Timer - Begin run: Sort array of 10000 elements with 1 runs
2023-03-12 23:16:29 INFO  Benchmark_Timer - Begin run: Sort array of 10000 elements with 1 runs
2023-03-12 23:16:30 INFO  Benchmark_Timer - Begin run: Sort array of 10000 elements with 1 runs
2023-03-12 23:16:32 INFO  Benchmark_Timer - Begin run: Sort array of 20000 elements with 1 runs
2023-03-12 23:16:37 INFO  Benchmark_Timer - Begin run: Sort array of 20000 elements with 1 runs
2023-03-12 23:16:42 INFO  Benchmark_Timer - Begin run: Sort array of 20000 elements with 1 runs
2023-03-12 23:16:50 INFO  Benchmark_Timer - Begin run: Sort array of 40000 elements with 1 runs
2023-03-12 23:17:13 INFO  Benchmark_Timer - Begin run: Sort array of 40000 elements with 1 runs
2023-03-12 23:17:31 INFO  Benchmark_Timer - Begin run: Sort array of 40000 elements with 1 runs
2023-03-12 23:18:05 INFO  Benchmark_Timer - Begin run: Sort array of 80000 elements with 1 runs
2023-03-12 23:19:30 INFO  Benchmark_Timer - Begin run: Sort array of 80000 elements with 1 runs
2023-03-12 23:20:43 INFO  Benchmark_Timer - Begin run: Sort array of 80000 elements with 1 runs
2023-03-12 23:23:45 INFO  Benchmark_Timer - Begin run: Sort array of 160000 elements with 1 runs
2023-03-12 23:32:24 INFO  Benchmark_Timer - Begin run: Sort array of 160000 elements with 1 runs
2023-03-12 23:35:50 INFO  Benchmark_Timer - Begin run: Sort array of 10000 elements with 1 runs
2023-03-12 23:35:51 INFO  Benchmark_Timer - Begin run: Sort array of 10000 elements with 1 runs
2023-03-12 23:35:51 INFO  Benchmark_Timer - Begin run: Sort array of 10000 elements with 1 runs
2023-03-12 23:35:52 INFO  Benchmark_Timer - Begin run: Sort array of 20000 elements with 1 runs
2023-03-12 23:35:56 INFO  Benchmark_Timer - Begin run: Sort array of 20000 elements with 1 runs
2023-03-12 23:35:58 INFO  Benchmark_Timer - Begin run: Sort array of 20000 elements with 1 runs
2023-03-12 23:36:01 INFO  Benchmark_Timer - Begin run: Sort array of 40000 elements with 1 runs
2023-03-12 23:36:18 INFO  Benchmark_Timer - Begin run: Sort array of 40000 elements with 1 runs
2023-03-12 23:36:25 INFO  Benchmark_Timer - Begin run: Sort array of 40000 elements with 1 runs
2023-03-12 23:36:42 INFO  Benchmark_Timer - Begin run: Sort array of 80000 elements with 1 runs
2023-03-12 23:37:48 INFO  Benchmark_Timer - Begin run: Sort array of 80000 elements with 1 runs
2023-03-12 23:38:14 INFO  Benchmark_Timer - Begin run: Sort array of 80000 elements with 1 runs
2023-03-12 23:39:57 INFO  Benchmark_Timer - Begin run: Sort array of 160000 elements with 1 runs
2023-03-12 23:47:16 INFO  Benchmark_Timer - Begin run: Sort array of 160000 elements with 1 runs
2023-03-12 23:49:08 INFO  Benchmark_Timer - Begin run: Sort array of 160000 elements with 1 runs
2023-03-12 23:55:25 INFO  Benchmark_Timer - Begin run: Sort array of 10000 elements with 1 runs
2023-03-12 23:55:27 INFO  Benchmark_Timer - Begin run: Sort array of 10000 elements with 1 runs
2023-03-12 23:55:28 INFO  Benchmark_Timer - Begin run: Sort array of 10000 elements with 1 runs
2023-03-12 23:55:30 INFO  Benchmark_Timer - Begin run: Sort array of 20000 elements with 1 runs
2023-03-12 23:55:35 INFO  Benchmark_Timer - Begin run: Sort array of 20000 elements with 1 runs
2023-03-12 23:55:41 INFO  Benchmark_Timer - Begin run: Sort array of 20000 elements with 1 runs
2023-03-12 23:55:49 INFO  Benchmark_Timer - Begin run: Sort array of 40000 elements with 1 runs
2023-03-12 23:56:11 INFO  Benchmark_Timer - Begin run: Sort array of 40000 elements with 1 runs
2023-03-12 23:56:29 INFO  Benchmark_Timer - Begin run: Sort array of 40000 elements with 1 runs
2023-03-12 23:57:02 INFO  Benchmark_Timer - Begin run: Sort array of 80000 elements with 1 runs
2023-03-12 23:58:24 INFO  Benchmark_Timer - Begin run: Sort array of 80000 elements with 1 runs
2023-03-12 23:59:36 INFO  Benchmark_Timer - Begin run: Sort array of 80000 elements with 1 runs
2023-03-13 00:02:31 INFO  Benchmark_Timer - Begin run: Sort array of 160000 elements with 1 runs
2023-03-13 00:11:03 INFO  Benchmark_Timer - Begin run: Sort array of 160000 elements with 1 runs
2023-03-13 00:15:41 INFO  Benchmark_Timer - Begin run: Sort array of 160000 elements with 1 runs
